Using pre-set license
Built from '2020.3/release' branch; Version is '2020.3.1f1 (77a89f25062f) revision 7841951'; Using compiler version '192528614'; Build Type 'Release'
OS: 'Windows 10 Pro; OS build 19042.1081; Version 2009; 64bit' Language: 'en' Physical Memory: 32433 MB
BatchMode: 1, IsHumanControllingUs: 0, StartBugReporterOnCrash: 0, Is64bit: 1, IsPro: 0

 COMMAND LINE ARGUMENTS:
C:\Program Files\Unity\Hub\Editor\2020.3.1f1\Editor\Unity.exe
-adb2
-batchMode
-noUpm
-name
AssetImportWorker0
-projectPath
C:/Users/lrgcr/OneDrive/Документы/Git repos/SnakePass/SnakePass8k60fps
-logFile
Logs/AssetImportWorker0.log
-srvPort
51605
Successfully changed project path to: C:/Users/lrgcr/OneDrive/Документы/Git repos/SnakePass/SnakePass8k60fps
C:/Users/lrgcr/OneDrive/Документы/Git repos/SnakePass/SnakePass8k60fps
Using Asset Import Pipeline V2.
Refreshing native plugins compatible for Editor in 34.55 ms, found 1 plugins.
Preloading 0 native plugins for Editor in 0.00 ms.
Initialize engine version: 2020.3.1f1 (77a89f25062f)
[Subsystems] Discovering subsystems at path C:/Program Files/Unity/Hub/Editor/2020.3.1f1/Editor/Data/Resources/UnitySubsystems
[Subsystems] Discovering subsystems at path C:/Users/lrgcr/OneDrive/Документы/Git repos/SnakePass/SnakePass8k60fps/Assets
GfxDevice: creating device client; threaded=0
Direct3D:
    Version:  Direct3D 11.0 [level 11.1]
    Renderer: NVIDIA GeForce RTX 3090 (ID=0x2204)
    Vendor:   
    VRAM:     24348 MB
    Driver:   30.0.14.7111
Initialize mono
Mono path[0] = 'C:/Program Files/Unity/Hub/Editor/2020.3.1f1/Editor/Data/Managed'
Mono path[1] = 'C:/Program Files/Unity/Hub/Editor/2020.3.1f1/Editor/Data/MonoBleedingEdge/lib/mono/unityjit'
Mono config path = 'C:/Program Files/Unity/Hub/Editor/2020.3.1f1/Editor/Data/MonoBleedingEdge/etc'
Using monoOptions --debugger-agent=transport=dt_socket,embedding=1,server=y,suspend=n,address=127.0.0.1:56428
Begin MonoManager ReloadAssembly
Registering precompiled unity dll's ...
Register platform support module: C:/Program Files/Unity/Hub/Editor/2020.3.1f1/Editor/Data/PlaybackEngines/WindowsStandaloneSupport/UnityEditor.WindowsStandalone.Extensions.dll
Registered in 0.001770 seconds.
Native extension for WindowsStandalone target not found
Refreshing native plugins compatible for Editor in 32.81 ms, found 1 plugins.
Preloading 0 native plugins for Editor in 0.00 ms.
Invoked RoslynAnalysisRunner static constructor.
RoslynAnalysisRunner will not be running.
RoslynAnalysisRunner has terminated.
Mono: successfully reloaded assembly
- Completed reload, in  1.724 seconds
Platform modules already initialized, skipping
Registering precompiled user dll's ...
Registered in 0.000958 seconds.
Begin MonoManager ReloadAssembly
Native extension for WindowsStandalone target not found
Refreshing native plugins compatible for Editor in 33.34 ms, found 1 plugins.
Preloading 0 native plugins for Editor in 0.00 ms.
Invoked RoslynAnalysisRunner static constructor.
RoslynAnalysisRunner will not be running.
RoslynAnalysisRunner has terminated.
Mono: successfully reloaded assembly
- Completed reload, in  0.865 seconds
Platform modules already initialized, skipping
========================================================================
Worker process is ready to serve import requests
Launched and connected shader compiler UnityShaderCompiler.exe after 0.05 seconds
Refreshing native plugins compatible for Editor in 0.57 ms, found 1 plugins.
Preloading 0 native plugins for Editor in 0.00 ms.
Unloading 1807 Unused Serialized files (Serialized files now loaded: 0)
System memory in use before: 85.3 MB.
System memory in use after: 85.2 MB.

Unloading 24 unused Assets to reduce memory usage. Loaded Objects now: 2250.
Total: 2.237700 ms (FindLiveObjects: 0.214500 ms CreateObjectMapping: 0.044900 ms MarkObjects: 1.824300 ms  DeleteObjects: 0.152900 ms)

========================================================================
Received Import Request.
  path: Assets/Scenes
  artifactKey: Guid(49248f58c8d8c5345bc7687007ce1cea) Importer(815301076,1909f56bfc062723c751e8b465ee728b)
Start importing Assets/Scenes using Guid(49248f58c8d8c5345bc7687007ce1cea) Importer(815301076,1909f56bfc062723c751e8b465ee728b)  -> (artifact id: 'ba3d5a8bc61aec33c920e300218341eb') in 0.010687 seconds
  Import took 0.013770 seconds .

========================================================================
Received Import Request.
  Time since last request: 7.272963 seconds.
  path: Assets/Scenes/SampleScene.unity
  artifactKey: Guid(2cda990e2423bbf4892e6590ba056729) Importer(815301076,1909f56bfc062723c751e8b465ee728b)
Start importing Assets/Scenes/SampleScene.unity using Guid(2cda990e2423bbf4892e6590ba056729) Importer(815301076,1909f56bfc062723c751e8b465ee728b)  -> (artifact id: '21afed184588ec8ebf0c4b7c72ef3dc6') in 0.015534 seconds
  Import took 0.018804 seconds .

========================================================================
Received Prepare
Registering precompiled user dll's ...
Registered in 0.000944 seconds.
Begin MonoManager ReloadAssembly
Native extension for WindowsStandalone target not found
Refreshing native plugins compatible for Editor in 0.40 ms, found 1 plugins.
Preloading 0 native plugins for Editor in 0.00 ms.
Invoked RoslynAnalysisRunner static constructor.
RoslynAnalysisRunner will not be running.
RoslynAnalysisRunner has terminated.
Mono: successfully reloaded assembly
- Completed reload, in  0.862 seconds
Platform modules already initialized, skipping
Refreshing native plugins compatible for Editor in 0.39 ms, found 1 plugins.
Preloading 0 native plugins for Editor in 0.00 ms.
Unloading 1802 Unused Serialized files (Serialized files now loaded: 0)
System memory in use before: 85.3 MB.
System memory in use after: 85.2 MB.

Unloading 12 unused Assets to reduce memory usage. Loaded Objects now: 2254.
Total: 2.164500 ms (FindLiveObjects: 0.217500 ms CreateObjectMapping: 0.061100 ms MarkObjects: 1.775800 ms  DeleteObjects: 0.108700 ms)

========================================================================
Received Import Request.
  Time since last request: 17355.686635 seconds.
  path: Assets/Scripts/SnakeBehaviour.cs
  artifactKey: Guid(d6b962ebf634e91499bf6d360ba5b329) Importer(815301076,1909f56bfc062723c751e8b465ee728b)
Start importing Assets/Scripts/SnakeBehaviour.cs using Guid(d6b962ebf634e91499bf6d360ba5b329) Importer(815301076,1909f56bfc062723c751e8b465ee728b)  -> (artifact id: '83a022e7f77db16b954399f6e33ebb3d') in 0.098026 seconds
  Import took 0.151957 seconds .

========================================================================
Received Prepare
Registering precompiled user dll's ...
Registered in 0.001173 seconds.
Begin MonoManager ReloadAssembly
Native extension for WindowsStandalone target not found
Refreshing native plugins compatible for Editor in 0.41 ms, found 1 plugins.
Preloading 0 native plugins for Editor in 0.00 ms.
Invoked RoslynAnalysisRunner static constructor.
RoslynAnalysisRunner will not be running.
RoslynAnalysisRunner has terminated.
Mono: successfully reloaded assembly
- Completed reload, in  0.908 seconds
Platform modules already initialized, skipping
Refreshing native plugins compatible for Editor in 0.39 ms, found 1 plugins.
Preloading 0 native plugins for Editor in 0.00 ms.
Unloading 1802 Unused Serialized files (Serialized files now loaded: 0)
System memory in use before: 85.3 MB.
System memory in use after: 85.3 MB.

Unloading 12 unused Assets to reduce memory usage. Loaded Objects now: 2258.
Total: 2.467900 ms (FindLiveObjects: 0.341700 ms CreateObjectMapping: 0.131500 ms MarkObjects: 1.839700 ms  DeleteObjects: 0.153600 ms)

========================================================================
Received Prepare
Registering precompiled user dll's ...
Registered in 0.001010 seconds.
Begin MonoManager ReloadAssembly
Native extension for WindowsStandalone target not found
Refreshing native plugins compatible for Editor in 0.38 ms, found 1 plugins.
Preloading 0 native plugins for Editor in 0.00 ms.
Invoked RoslynAnalysisRunner static constructor.
RoslynAnalysisRunner will not be running.
RoslynAnalysisRunner has terminated.
Mono: successfully reloaded assembly
- Completed reload, in  0.797 seconds
Platform modules already initialized, skipping
Refreshing native plugins compatible for Editor in 0.58 ms, found 1 plugins.
Preloading 0 native plugins for Editor in 0.00 ms.
Unloading 1802 Unused Serialized files (Serialized files now loaded: 0)
System memory in use before: 85.3 MB.
System memory in use after: 85.3 MB.

Unloading 12 unused Assets to reduce memory usage. Loaded Objects now: 2262.
Total: 2.339300 ms (FindLiveObjects: 0.214300 ms CreateObjectMapping: 0.069000 ms MarkObjects: 1.942800 ms  DeleteObjects: 0.112000 ms)

========================================================================
Received Prepare
Registering precompiled user dll's ...
Registered in 0.000940 seconds.
Begin MonoManager ReloadAssembly
Native extension for WindowsStandalone target not found
Refreshing native plugins compatible for Editor in 0.40 ms, found 1 plugins.
Preloading 0 native plugins for Editor in 0.00 ms.
Invoked RoslynAnalysisRunner static constructor.
RoslynAnalysisRunner will not be running.
RoslynAnalysisRunner has terminated.
Mono: successfully reloaded assembly
- Completed reload, in  0.902 seconds
Platform modules already initialized, skipping
Refreshing native plugins compatible for Editor in 0.43 ms, found 1 plugins.
Preloading 0 native plugins for Editor in 0.00 ms.
Unloading 1802 Unused Serialized files (Serialized files now loaded: 0)
System memory in use before: 85.3 MB.
System memory in use after: 85.3 MB.

Unloading 12 unused Assets to reduce memory usage. Loaded Objects now: 2266.
Total: 2.566300 ms (FindLiveObjects: 0.263900 ms CreateObjectMapping: 0.061900 ms MarkObjects: 2.097600 ms  DeleteObjects: 0.141500 ms)

========================================================================
Received Prepare
Registering precompiled user dll's ...
Registered in 0.001481 seconds.
Begin MonoManager ReloadAssembly
Native extension for WindowsStandalone target not found
Refreshing native plugins compatible for Editor in 0.45 ms, found 1 plugins.
Preloading 0 native plugins for Editor in 0.00 ms.
Invoked RoslynAnalysisRunner static constructor.
RoslynAnalysisRunner will not be running.
RoslynAnalysisRunner has terminated.
Mono: successfully reloaded assembly
- Completed reload, in  0.875 seconds
Platform modules already initialized, skipping
Refreshing native plugins compatible for Editor in 0.42 ms, found 1 plugins.
Preloading 0 native plugins for Editor in 0.00 ms.
Unloading 1802 Unused Serialized files (Serialized files now loaded: 0)
System memory in use before: 85.3 MB.
System memory in use after: 85.3 MB.

Unloading 12 unused Assets to reduce memory usage. Loaded Objects now: 2270.
Total: 2.961800 ms (FindLiveObjects: 0.586900 ms CreateObjectMapping: 0.139100 ms MarkObjects: 2.074000 ms  DeleteObjects: 0.160500 ms)

========================================================================
Received Prepare
Registering precompiled user dll's ...
Registered in 0.000978 seconds.
Begin MonoManager ReloadAssembly
Native extension for WindowsStandalone target not found
Refreshing native plugins compatible for Editor in 0.41 ms, found 1 plugins.
Preloading 0 native plugins for Editor in 0.00 ms.
Invoked RoslynAnalysisRunner static constructor.
RoslynAnalysisRunner will not be running.
RoslynAnalysisRunner has terminated.
Mono: successfully reloaded assembly
- Completed reload, in  0.791 seconds
Platform modules already initialized, skipping
Refreshing native plugins compatible for Editor in 0.38 ms, found 1 plugins.
Preloading 0 native plugins for Editor in 0.00 ms.
Unloading 1802 Unused Serialized files (Serialized files now loaded: 0)
System memory in use before: 85.4 MB.
System memory in use after: 85.3 MB.

Unloading 12 unused Assets to reduce memory usage. Loaded Objects now: 2274.
Total: 2.323200 ms (FindLiveObjects: 0.223600 ms CreateObjectMapping: 0.071300 ms MarkObjects: 1.897500 ms  DeleteObjects: 0.129400 ms)

========================================================================
Received Prepare
Registering precompiled user dll's ...
Registered in 0.000960 seconds.
Begin MonoManager ReloadAssembly
Native extension for WindowsStandalone target not found
Refreshing native plugins compatible for Editor in 0.53 ms, found 1 plugins.
Preloading 0 native plugins for Editor in 0.00 ms.
Invoked RoslynAnalysisRunner static constructor.
RoslynAnalysisRunner will not be running.
RoslynAnalysisRunner has terminated.
Mono: successfully reloaded assembly
- Completed reload, in  0.789 seconds
Platform modules already initialized, skipping
Refreshing native plugins compatible for Editor in 0.38 ms, found 1 plugins.
Preloading 0 native plugins for Editor in 0.00 ms.
Unloading 1802 Unused Serialized files (Serialized files now loaded: 0)
System memory in use before: 85.4 MB.
System memory in use after: 85.4 MB.

Unloading 12 unused Assets to reduce memory usage. Loaded Objects now: 2278.
Total: 2.412700 ms (FindLiveObjects: 0.224900 ms CreateObjectMapping: 0.109700 ms MarkObjects: 1.961800 ms  DeleteObjects: 0.114900 ms)

========================================================================
Received Prepare
Registering precompiled user dll's ...
Registered in 0.000982 seconds.
Begin MonoManager ReloadAssembly
Native extension for WindowsStandalone target not found
Refreshing native plugins compatible for Editor in 0.40 ms, found 1 plugins.
Preloading 0 native plugins for Editor in 0.00 ms.
Invoked RoslynAnalysisRunner static constructor.
RoslynAnalysisRunner will not be running.
RoslynAnalysisRunner has terminated.
Mono: successfully reloaded assembly
- Completed reload, in  0.806 seconds
Platform modules already initialized, skipping
Refreshing native plugins compatible for Editor in 0.38 ms, found 1 plugins.
Preloading 0 native plugins for Editor in 0.00 ms.
Unloading 1802 Unused Serialized files (Serialized files now loaded: 0)
System memory in use before: 85.4 MB.
System memory in use after: 85.4 MB.

Unloading 12 unused Assets to reduce memory usage. Loaded Objects now: 2282.
Total: 2.249800 ms (FindLiveObjects: 0.228100 ms CreateObjectMapping: 0.081900 ms MarkObjects: 1.804100 ms  DeleteObjects: 0.134600 ms)

========================================================================
Received Prepare
Registering precompiled user dll's ...
Registered in 0.000946 seconds.
Begin MonoManager ReloadAssembly
Native extension for WindowsStandalone target not found
Refreshing native plugins compatible for Editor in 0.41 ms, found 1 plugins.
Preloading 0 native plugins for Editor in 0.00 ms.
Invoked RoslynAnalysisRunner static constructor.
RoslynAnalysisRunner will not be running.
RoslynAnalysisRunner has terminated.
Mono: successfully reloaded assembly
- Completed reload, in  0.766 seconds
Platform modules already initialized, skipping
Refreshing native plugins compatible for Editor in 0.40 ms, found 1 plugins.
Preloading 0 native plugins for Editor in 0.00 ms.
Unloading 1802 Unused Serialized files (Serialized files now loaded: 0)
System memory in use before: 85.4 MB.
System memory in use after: 85.4 MB.

Unloading 12 unused Assets to reduce memory usage. Loaded Objects now: 2286.
Total: 2.374700 ms (FindLiveObjects: 0.265900 ms CreateObjectMapping: 0.063200 ms MarkObjects: 1.924100 ms  DeleteObjects: 0.120100 ms)

========================================================================
Received Import Request.
  Time since last request: 2013.873444 seconds.
  path: Assets/Prefabs/SnakeHead.prefab
  artifactKey: Guid(1f252f8571a23ea4191211b4746dd2e6) Importer(815301076,1909f56bfc062723c751e8b465ee728b)
Start importing Assets/Prefabs/SnakeHead.prefab using Guid(1f252f8571a23ea4191211b4746dd2e6) Importer(815301076,1909f56bfc062723c751e8b465ee728b)  -> (artifact id: 'c14a9f96fdd2ce3a60ce077e0b1bd47f') in 0.084313 seconds
  Import took 0.087708 seconds .

========================================================================
Received Prepare
Registering precompiled user dll's ...
Registered in 0.000945 seconds.
Begin MonoManager ReloadAssembly
Native extension for WindowsStandalone target not found
Refreshing native plugins compatible for Editor in 0.42 ms, found 1 plugins.
Preloading 0 native plugins for Editor in 0.00 ms.
Invoked RoslynAnalysisRunner static constructor.
RoslynAnalysisRunner will not be running.
RoslynAnalysisRunner has terminated.
Mono: successfully reloaded assembly
- Completed reload, in  0.810 seconds
Platform modules already initialized, skipping
Refreshing native plugins compatible for Editor in 0.39 ms, found 1 plugins.
Preloading 0 native plugins for Editor in 0.00 ms.
Unloading 1802 Unused Serialized files (Serialized files now loaded: 0)
System memory in use before: 88.5 MB.
System memory in use after: 88.5 MB.

Unloading 12 unused Assets to reduce memory usage. Loaded Objects now: 2297.
Total: 2.152800 ms (FindLiveObjects: 0.224700 ms CreateObjectMapping: 0.061600 ms MarkObjects: 1.725200 ms  DeleteObjects: 0.139900 ms)

========================================================================
Received Prepare
Registering precompiled user dll's ...
Registered in 0.000972 seconds.
Begin MonoManager ReloadAssembly
Native extension for WindowsStandalone target not found
Refreshing native plugins compatible for Editor in 0.40 ms, found 1 plugins.
Preloading 0 native plugins for Editor in 0.00 ms.
Invoked RoslynAnalysisRunner static constructor.
RoslynAnalysisRunner will not be running.
RoslynAnalysisRunner has terminated.
Mono: successfully reloaded assembly
- Completed reload, in  0.886 seconds
Platform modules already initialized, skipping
Refreshing native plugins compatible for Editor in 0.41 ms, found 1 plugins.
Preloading 0 native plugins for Editor in 0.00 ms.
Unloading 1802 Unused Serialized files (Serialized files now loaded: 0)
System memory in use before: 88.5 MB.
System memory in use after: 88.5 MB.

Unloading 12 unused Assets to reduce memory usage. Loaded Objects now: 2301.
Total: 2.784800 ms (FindLiveObjects: 0.234000 ms CreateObjectMapping: 0.059100 ms MarkObjects: 2.365100 ms  DeleteObjects: 0.125300 ms)

========================================================================
Received Prepare
Registering precompiled user dll's ...
Registered in 0.000946 seconds.
Begin MonoManager ReloadAssembly
Native extension for WindowsStandalone target not found
Refreshing native plugins compatible for Editor in 0.42 ms, found 1 plugins.
Preloading 0 native plugins for Editor in 0.00 ms.
Invoked RoslynAnalysisRunner static constructor.
RoslynAnalysisRunner will not be running.
RoslynAnalysisRunner has terminated.
Mono: successfully reloaded assembly
- Completed reload, in  0.801 seconds
Platform modules already initialized, skipping
Refreshing native plugins compatible for Editor in 0.38 ms, found 1 plugins.
Preloading 0 native plugins for Editor in 0.00 ms.
Unloading 1802 Unused Serialized files (Serialized files now loaded: 0)
System memory in use before: 88.5 MB.
System memory in use after: 88.5 MB.

Unloading 12 unused Assets to reduce memory usage. Loaded Objects now: 2305.
Total: 2.296500 ms (FindLiveObjects: 0.264000 ms CreateObjectMapping: 0.065100 ms MarkObjects: 1.848200 ms  DeleteObjects: 0.117300 ms)

========================================================================
Received Prepare
Registering precompiled user dll's ...
Registered in 0.000941 seconds.
Begin MonoManager ReloadAssembly
Native extension for WindowsStandalone target not found
Refreshing native plugins compatible for Editor in 0.50 ms, found 1 plugins.
Preloading 0 native plugins for Editor in 0.00 ms.
Invoked RoslynAnalysisRunner static constructor.
RoslynAnalysisRunner will not be running.
RoslynAnalysisRunner has terminated.
Mono: successfully reloaded assembly
- Completed reload, in  0.888 seconds
Platform modules already initialized, skipping
Refreshing native plugins compatible for Editor in 0.38 ms, found 1 plugins.
Preloading 0 native plugins for Editor in 0.00 ms.
Unloading 1802 Unused Serialized files (Serialized files now loaded: 0)
System memory in use before: 88.5 MB.
System memory in use after: 88.5 MB.

Unloading 12 unused Assets to reduce memory usage. Loaded Objects now: 2309.
Total: 2.267900 ms (FindLiveObjects: 0.224600 ms CreateObjectMapping: 0.071700 ms MarkObjects: 1.847800 ms  DeleteObjects: 0.122700 ms)

========================================================================
Received Prepare
Registering precompiled user dll's ...
Registered in 0.000972 seconds.
Begin MonoManager ReloadAssembly
Native extension for WindowsStandalone target not found
Refreshing native plugins compatible for Editor in 0.41 ms, found 1 plugins.
Preloading 0 native plugins for Editor in 0.00 ms.
Invoked RoslynAnalysisRunner static constructor.
RoslynAnalysisRunner will not be running.
RoslynAnalysisRunner has terminated.
Mono: successfully reloaded assembly
- Completed reload, in  0.811 seconds
Platform modules already initialized, skipping
Refreshing native plugins compatible for Editor in 0.42 ms, found 1 plugins.
Preloading 0 native plugins for Editor in 0.00 ms.
Unloading 1802 Unused Serialized files (Serialized files now loaded: 0)
System memory in use before: 88.5 MB.
System memory in use after: 88.5 MB.

Unloading 12 unused Assets to reduce memory usage. Loaded Objects now: 2313.
Total: 2.273600 ms (FindLiveObjects: 0.239600 ms CreateObjectMapping: 0.078200 ms MarkObjects: 1.833000 ms  DeleteObjects: 0.121300 ms)

========================================================================
Received Import Request.
  Time since last request: 422.097059 seconds.
  path: Assets/Prefabs/Fruit.prefab
  artifactKey: Guid(5840366b20db82f47880d61069efab57) Importer(815301076,1909f56bfc062723c751e8b465ee728b)
Start importing Assets/Prefabs/Fruit.prefab using Guid(5840366b20db82f47880d61069efab57) Importer(815301076,1909f56bfc062723c751e8b465ee728b)  -> (artifact id: '30bf9f10186034efdc60e0b0689cee3b') in 0.056606 seconds
  Import took 0.060671 seconds .

========================================================================
Received Import Request.
  Time since last request: 6.567367 seconds.
  path: Assets/Prefabs/Fruit.prefab
  artifactKey: Guid(5840366b20db82f47880d61069efab57) Importer(815301076,1909f56bfc062723c751e8b465ee728b)
Start importing Assets/Prefabs/Fruit.prefab using Guid(5840366b20db82f47880d61069efab57) Importer(815301076,1909f56bfc062723c751e8b465ee728b)  -> (artifact id: 'c38b6b606f6528f35b8c1a1d51414989') in 0.008252 seconds
  Import took 0.011984 seconds .

========================================================================
Received Import Request.
  Time since last request: 9.864807 seconds.
  path: Assets/Prefabs/Fruit.prefab
  artifactKey: Guid(5840366b20db82f47880d61069efab57) Importer(815301076,1909f56bfc062723c751e8b465ee728b)
Start importing Assets/Prefabs/Fruit.prefab using Guid(5840366b20db82f47880d61069efab57) Importer(815301076,1909f56bfc062723c751e8b465ee728b)  -> (artifact id: '791923f1e16f5caca230d1d40390099e') in 0.007633 seconds
  Import took 0.010966 seconds .

========================================================================
Received Import Request.
  Time since last request: 6.061335 seconds.
  path: Assets/Prefabs/SnakeHead.prefab
  artifactKey: Guid(1f252f8571a23ea4191211b4746dd2e6) Importer(815301076,1909f56bfc062723c751e8b465ee728b)
Start importing Assets/Prefabs/SnakeHead.prefab using Guid(1f252f8571a23ea4191211b4746dd2e6) Importer(815301076,1909f56bfc062723c751e8b465ee728b)  -> (artifact id: '1450bb72ffa90d0109c976ad2f11d09c') in 0.008096 seconds
  Import took 0.011862 seconds .

========================================================================
Received Import Request.
  Time since last request: 2.881948 seconds.
  path: Assets/Prefabs/SnakeHead.prefab
  artifactKey: Guid(1f252f8571a23ea4191211b4746dd2e6) Importer(815301076,1909f56bfc062723c751e8b465ee728b)
Start importing Assets/Prefabs/SnakeHead.prefab using Guid(1f252f8571a23ea4191211b4746dd2e6) Importer(815301076,1909f56bfc062723c751e8b465ee728b)  -> (artifact id: 'ae020ed9e65ae463246cfca444071b4b') in 0.007531 seconds
  Import took 0.011051 seconds .

========================================================================
Received Import Request.
  Time since last request: 1.795588 seconds.
  path: Assets/Prefabs/SnakeHead.prefab
  artifactKey: Guid(1f252f8571a23ea4191211b4746dd2e6) Importer(815301076,1909f56bfc062723c751e8b465ee728b)
Start importing Assets/Prefabs/SnakeHead.prefab using Guid(1f252f8571a23ea4191211b4746dd2e6) Importer(815301076,1909f56bfc062723c751e8b465ee728b)  -> (artifact id: 'd709510cf863f82ca812a851f99a8d66') in 0.006743 seconds
  Import took 0.010117 seconds .

========================================================================
Received Import Request.
  Time since last request: 16.921455 seconds.
  path: Assets/Prefabs/SnakeHead.prefab
  artifactKey: Guid(1f252f8571a23ea4191211b4746dd2e6) Importer(815301076,1909f56bfc062723c751e8b465ee728b)
Start importing Assets/Prefabs/SnakeHead.prefab using Guid(1f252f8571a23ea4191211b4746dd2e6) Importer(815301076,1909f56bfc062723c751e8b465ee728b)  -> (artifact id: 'b43d89029180fdeda8624bb2fcc4a29e') in 0.007713 seconds
  Import took 0.011159 seconds .

========================================================================
Received Prepare
Registering precompiled user dll's ...
Registered in 0.000975 seconds.
Begin MonoManager ReloadAssembly
Native extension for WindowsStandalone target not found
Refreshing native plugins compatible for Editor in 0.41 ms, found 1 plugins.
Preloading 0 native plugins for Editor in 0.00 ms.
Invoked RoslynAnalysisRunner static constructor.
RoslynAnalysisRunner will not be running.
RoslynAnalysisRunner has terminated.
Mono: successfully reloaded assembly
- Completed reload, in  0.782 seconds
Platform modules already initialized, skipping
Refreshing native plugins compatible for Editor in 0.38 ms, found 1 plugins.
Preloading 0 native plugins for Editor in 0.00 ms.
Unloading 1802 Unused Serialized files (Serialized files now loaded: 0)
System memory in use before: 88.6 MB.
System memory in use after: 88.5 MB.

Unloading 12 unused Assets to reduce memory usage. Loaded Objects now: 2318.
Total: 2.390700 ms (FindLiveObjects: 0.362300 ms CreateObjectMapping: 0.129100 ms MarkObjects: 1.777300 ms  DeleteObjects: 0.120200 ms)

========================================================================
Received Prepare
Registering precompiled user dll's ...
Registered in 0.000931 seconds.
Begin MonoManager ReloadAssembly
Native extension for WindowsStandalone target not found
Refreshing native plugins compatible for Editor in 0.41 ms, found 1 plugins.
Preloading 0 native plugins for Editor in 0.00 ms.
Invoked RoslynAnalysisRunner static constructor.
RoslynAnalysisRunner will not be running.
RoslynAnalysisRunner has terminated.
Mono: successfully reloaded assembly
- Completed reload, in  0.794 seconds
Platform modules already initialized, skipping
Refreshing native plugins compatible for Editor in 0.38 ms, found 1 plugins.
Preloading 0 native plugins for Editor in 0.00 ms.
Unloading 1802 Unused Serialized files (Serialized files now loaded: 0)
System memory in use before: 88.6 MB.
System memory in use after: 88.6 MB.

Unloading 12 unused Assets to reduce memory usage. Loaded Objects now: 2322.
Total: 2.253300 ms (FindLiveObjects: 0.225100 ms CreateObjectMapping: 0.055000 ms MarkObjects: 1.842000 ms  DeleteObjects: 0.129600 ms)

========================================================================
Received Import Request.
  Time since last request: 258.406957 seconds.
  path: ProjectSettings/TagManager.asset
  artifactKey: Guid(00000000000000003000000000000000) Importer(815301076,1909f56bfc062723c751e8b465ee728b)
Start importing ProjectSettings/TagManager.asset using Guid(00000000000000003000000000000000) Importer(815301076,1909f56bfc062723c751e8b465ee728b)  -> (artifact id: '805fad2e57c96fa8957d9465ea477d84') in 0.017416 seconds
  Import took 0.021304 seconds .

========================================================================
Received Import Request.
  Time since last request: 16.527964 seconds.
  path: Assets/Prefabs/Fruit.prefab
  artifactKey: Guid(5840366b20db82f47880d61069efab57) Importer(815301076,1909f56bfc062723c751e8b465ee728b)
Start importing Assets/Prefabs/Fruit.prefab using Guid(5840366b20db82f47880d61069efab57) Importer(815301076,1909f56bfc062723c751e8b465ee728b)  -> (artifact id: 'ad71461313a0d91a0ce83c71bc7bcd12') in 0.038097 seconds
  Import took 0.041408 seconds .

========================================================================
Received Import Request.
  Time since last request: 9.291259 seconds.
  path: Assets/Prefabs/SnakeTail.prefab
  artifactKey: Guid(2e5a4a4c98ca36a458e49b81aa3dbb70) Importer(815301076,1909f56bfc062723c751e8b465ee728b)
Start importing Assets/Prefabs/SnakeTail.prefab using Guid(2e5a4a4c98ca36a458e49b81aa3dbb70) Importer(815301076,1909f56bfc062723c751e8b465ee728b)  -> (artifact id: '3b5d235839968262519f82d666c89e1d') in 0.013532 seconds
  Import took 0.017396 seconds .

========================================================================
Received Prepare
Registering precompiled user dll's ...
Registered in 0.001027 seconds.
Begin MonoManager ReloadAssembly
Native extension for WindowsStandalone target not found
Refreshing native plugins compatible for Editor in 0.40 ms, found 1 plugins.
Preloading 0 native plugins for Editor in 0.00 ms.
Invoked RoslynAnalysisRunner static constructor.
RoslynAnalysisRunner will not be running.
RoslynAnalysisRunner has terminated.
Mono: successfully reloaded assembly
- Completed reload, in  0.825 seconds
Platform modules already initialized, skipping
Refreshing native plugins compatible for Editor in 0.38 ms, found 1 plugins.
Preloading 0 native plugins for Editor in 0.00 ms.
Unloading 1802 Unused Serialized files (Serialized files now loaded: 0)
System memory in use before: 88.6 MB.
System memory in use after: 88.6 MB.

Unloading 13 unused Assets to reduce memory usage. Loaded Objects now: 2327.
Total: 2.318800 ms (FindLiveObjects: 0.225000 ms CreateObjectMapping: 0.079200 ms MarkObjects: 1.896700 ms  DeleteObjects: 0.116900 ms)

========================================================================
Received Prepare
Registering precompiled user dll's ...
Registered in 0.000953 seconds.
Begin MonoManager ReloadAssembly
Native extension for WindowsStandalone target not found
Refreshing native plugins compatible for Editor in 0.42 ms, found 1 plugins.
Preloading 0 native plugins for Editor in 0.00 ms.
Invoked RoslynAnalysisRunner static constructor.
RoslynAnalysisRunner will not be running.
RoslynAnalysisRunner has terminated.
Mono: successfully reloaded assembly
- Completed reload, in  0.845 seconds
Platform modules already initialized, skipping
Refreshing native plugins compatible for Editor in 0.40 ms, found 1 plugins.
Preloading 0 native plugins for Editor in 0.00 ms.
Unloading 1802 Unused Serialized files (Serialized files now loaded: 0)
System memory in use before: 88.6 MB.
System memory in use after: 88.6 MB.

Unloading 12 unused Assets to reduce memory usage. Loaded Objects now: 2331.
Total: 2.587600 ms (FindLiveObjects: 0.214000 ms CreateObjectMapping: 0.065500 ms MarkObjects: 2.194700 ms  DeleteObjects: 0.112200 ms)

========================================================================
Received Import Request.
  Time since last request: 148.947448 seconds.
  path: Assets/Prefabs/Fruit.prefab
  artifactKey: Guid(5840366b20db82f47880d61069efab57) Importer(815301076,1909f56bfc062723c751e8b465ee728b)
Start importing Assets/Prefabs/Fruit.prefab using Guid(5840366b20db82f47880d61069efab57) Importer(815301076,1909f56bfc062723c751e8b465ee728b)  -> (artifact id: 'c93fca710ff2d60ec898615788db638b') in 0.049674 seconds
  Import took 0.052987 seconds .

========================================================================
Received Import Request.
  Time since last request: 1.618993 seconds.
  path: Assets/Prefabs/Fruit.prefab
  artifactKey: Guid(5840366b20db82f47880d61069efab57) Importer(815301076,1909f56bfc062723c751e8b465ee728b)
Start importing Assets/Prefabs/Fruit.prefab using Guid(5840366b20db82f47880d61069efab57) Importer(815301076,1909f56bfc062723c751e8b465ee728b)  -> (artifact id: '46f074b812b329d32e1a33f084e68c2c') in 0.007762 seconds
  Import took 0.011600 seconds .

========================================================================
Received Import Request.
  Time since last request: 9.877334 seconds.
  path: Assets/Prefabs/SnakeHead.prefab
  artifactKey: Guid(1f252f8571a23ea4191211b4746dd2e6) Importer(815301076,1909f56bfc062723c751e8b465ee728b)
Start importing Assets/Prefabs/SnakeHead.prefab using Guid(1f252f8571a23ea4191211b4746dd2e6) Importer(815301076,1909f56bfc062723c751e8b465ee728b)  -> (artifact id: '2b9888fc019eb806300af186c87d47f7') in 0.007947 seconds
  Import took 0.011331 seconds .

========================================================================
Received Import Request.
  Time since last request: 1.179170 seconds.
  path: Assets/Prefabs/SnakeHead.prefab
  artifactKey: Guid(1f252f8571a23ea4191211b4746dd2e6) Importer(815301076,1909f56bfc062723c751e8b465ee728b)
Start importing Assets/Prefabs/SnakeHead.prefab using Guid(1f252f8571a23ea4191211b4746dd2e6) Importer(815301076,1909f56bfc062723c751e8b465ee728b)  -> (artifact id: 'cdb05b56e204779d52248d57435015de') in 0.009392 seconds
  Import took 0.012610 seconds .

========================================================================
Received Prepare
Registering precompiled user dll's ...
Registered in 0.001110 seconds.
Begin MonoManager ReloadAssembly
Native extension for WindowsStandalone target not found
Refreshing native plugins compatible for Editor in 0.41 ms, found 1 plugins.
Preloading 0 native plugins for Editor in 0.00 ms.
Invoked RoslynAnalysisRunner static constructor.
RoslynAnalysisRunner will not be running.
RoslynAnalysisRunner has terminated.
Mono: successfully reloaded assembly
- Completed reload, in  0.784 seconds
Platform modules already initialized, skipping
Refreshing native plugins compatible for Editor in 0.36 ms, found 1 plugins.
Preloading 0 native plugins for Editor in 0.00 ms.
Unloading 1802 Unused Serialized files (Serialized files now loaded: 0)
System memory in use before: 88.6 MB.
System memory in use after: 88.6 MB.

Unloading 12 unused Assets to reduce memory usage. Loaded Objects now: 2336.
Total: 2.549900 ms (FindLiveObjects: 0.223600 ms CreateObjectMapping: 0.063700 ms MarkObjects: 2.142500 ms  DeleteObjects: 0.118700 ms)

========================================================================
Received Import Request.
  Time since last request: 44.027414 seconds.
  path: Assets/Prefabs/SnakeTail.prefab
  artifactKey: Guid(2e5a4a4c98ca36a458e49b81aa3dbb70) Importer(815301076,1909f56bfc062723c751e8b465ee728b)
Start importing Assets/Prefabs/SnakeTail.prefab using Guid(2e5a4a4c98ca36a458e49b81aa3dbb70) Importer(815301076,1909f56bfc062723c751e8b465ee728b)  -> (artifact id: '5715489538ed85db76c3628761c11024') in 0.052722 seconds
  Import took 0.056610 seconds .

========================================================================
Received Import Request.
  Time since last request: 2.445709 seconds.
  path: Assets/Prefabs/SnakeTail.prefab
  artifactKey: Guid(2e5a4a4c98ca36a458e49b81aa3dbb70) Importer(815301076,1909f56bfc062723c751e8b465ee728b)
Start importing Assets/Prefabs/SnakeTail.prefab using Guid(2e5a4a4c98ca36a458e49b81aa3dbb70) Importer(815301076,1909f56bfc062723c751e8b465ee728b)  -> (artifact id: '39f2978c46a62b53d403a2d4ef606fda') in 0.008013 seconds
  Import took 0.011593 seconds .

========================================================================
Received Import Request.
  Time since last request: 2.697244 seconds.
  path: Assets/Prefabs/SnakeTail.prefab
  artifactKey: Guid(2e5a4a4c98ca36a458e49b81aa3dbb70) Importer(815301076,1909f56bfc062723c751e8b465ee728b)
Start importing Assets/Prefabs/SnakeTail.prefab using Guid(2e5a4a4c98ca36a458e49b81aa3dbb70) Importer(815301076,1909f56bfc062723c751e8b465ee728b)  -> (artifact id: '312049ccd6a4db8290e6db9b55b84f09') in 0.007540 seconds
  Import took 0.010602 seconds .

========================================================================
Received Import Request.
  Time since last request: 1.818186 seconds.
  path: Assets/Prefabs/SnakeTail.prefab
  artifactKey: Guid(2e5a4a4c98ca36a458e49b81aa3dbb70) Importer(815301076,1909f56bfc062723c751e8b465ee728b)
Start importing Assets/Prefabs/SnakeTail.prefab using Guid(2e5a4a4c98ca36a458e49b81aa3dbb70) Importer(815301076,1909f56bfc062723c751e8b465ee728b)  -> (artifact id: 'e21d8889991a97a9f1ff2408b37a8593') in 0.007178 seconds
  Import took 0.010511 seconds .

========================================================================
Received Import Request.
  Time since last request: 3.831127 seconds.
  path: Assets/Prefabs/SnakeTail.prefab
  artifactKey: Guid(2e5a4a4c98ca36a458e49b81aa3dbb70) Importer(815301076,1909f56bfc062723c751e8b465ee728b)
Start importing Assets/Prefabs/SnakeTail.prefab using Guid(2e5a4a4c98ca36a458e49b81aa3dbb70) Importer(815301076,1909f56bfc062723c751e8b465ee728b)  -> (artifact id: 'ddf5b70d13b271a251bb79256e665b8a') in 0.008198 seconds
  Import took 0.011883 seconds .

========================================================================
Received Import Request.
  Time since last request: 2.168729 seconds.
  path: Assets/Prefabs/SnakeTail.prefab
  artifactKey: Guid(2e5a4a4c98ca36a458e49b81aa3dbb70) Importer(815301076,1909f56bfc062723c751e8b465ee728b)
Start importing Assets/Prefabs/SnakeTail.prefab using Guid(2e5a4a4c98ca36a458e49b81aa3dbb70) Importer(815301076,1909f56bfc062723c751e8b465ee728b)  -> (artifact id: '8e320867226a1ecf155a88e27fa3ad6b') in 0.008317 seconds
  Import took 0.011942 seconds .

========================================================================
Received Prepare
Registering precompiled user dll's ...
Registered in 0.000944 seconds.
Begin MonoManager ReloadAssembly
Native extension for WindowsStandalone target not found
Refreshing native plugins compatible for Editor in 0.40 ms, found 1 plugins.
Preloading 0 native plugins for Editor in 0.00 ms.
Invoked RoslynAnalysisRunner static constructor.
RoslynAnalysisRunner will not be running.
RoslynAnalysisRunner has terminated.
Mono: successfully reloaded assembly
- Completed reload, in  0.885 seconds
Platform modules already initialized, skipping
Refreshing native plugins compatible for Editor in 0.39 ms, found 1 plugins.
Preloading 0 native plugins for Editor in 0.00 ms.
Unloading 1802 Unused Serialized files (Serialized files now loaded: 0)
System memory in use before: 88.6 MB.
System memory in use after: 88.6 MB.

Unloading 12 unused Assets to reduce memory usage. Loaded Objects now: 2341.
Total: 2.422700 ms (FindLiveObjects: 0.232800 ms CreateObjectMapping: 0.074000 ms MarkObjects: 1.961600 ms  DeleteObjects: 0.152800 ms)

========================================================================
Received Prepare
Registering precompiled user dll's ...
Registered in 0.000987 seconds.
Begin MonoManager ReloadAssembly
Native extension for WindowsStandalone target not found
Refreshing native plugins compatible for Editor in 0.39 ms, found 1 plugins.
Preloading 0 native plugins for Editor in 0.00 ms.
Invoked RoslynAnalysisRunner static constructor.
RoslynAnalysisRunner will not be running.
RoslynAnalysisRunner has terminated.
Mono: successfully reloaded assembly
- Completed reload, in  0.809 seconds
Platform modules already initialized, skipping
Refreshing native plugins compatible for Editor in 0.38 ms, found 1 plugins.
Preloading 0 native plugins for Editor in 0.00 ms.
Unloading 1802 Unused Serialized files (Serialized files now loaded: 0)
System memory in use before: 88.6 MB.
System memory in use after: 88.6 MB.

Unloading 12 unused Assets to reduce memory usage. Loaded Objects now: 2345.
Total: 2.415600 ms (FindLiveObjects: 0.346100 ms CreateObjectMapping: 0.115900 ms MarkObjects: 1.835800 ms  DeleteObjects: 0.116500 ms)

========================================================================
Received Import Request.
  Time since last request: 82.919946 seconds.
  path: Assets/Prefabs/SnakeTail.prefab
  artifactKey: Guid(2e5a4a4c98ca36a458e49b81aa3dbb70) Importer(815301076,1909f56bfc062723c751e8b465ee728b)
Start importing Assets/Prefabs/SnakeTail.prefab using Guid(2e5a4a4c98ca36a458e49b81aa3dbb70) Importer(815301076,1909f56bfc062723c751e8b465ee728b)  -> (artifact id: '26a6b2d42d52e2d81ef15a989610d8ec') in 0.048107 seconds
  Import took 0.051788 seconds .

========================================================================
Received Prepare
Registering precompiled user dll's ...
Registered in 0.000987 seconds.
Begin MonoManager ReloadAssembly
Native extension for WindowsStandalone target not found
Refreshing native plugins compatible for Editor in 0.53 ms, found 1 plugins.
Preloading 0 native plugins for Editor in 0.00 ms.
Invoked RoslynAnalysisRunner static constructor.
RoslynAnalysisRunner will not be running.
RoslynAnalysisRunner has terminated.
Mono: successfully reloaded assembly
- Completed reload, in  0.942 seconds
Platform modules already initialized, skipping
Refreshing native plugins compatible for Editor in 0.62 ms, found 1 plugins.
Preloading 0 native plugins for Editor in 0.00 ms.
Unloading 1802 Unused Serialized files (Serialized files now loaded: 0)
System memory in use before: 88.6 MB.
System memory in use after: 88.6 MB.

Unloading 12 unused Assets to reduce memory usage. Loaded Objects now: 2350.
Total: 2.508400 ms (FindLiveObjects: 0.338800 ms CreateObjectMapping: 0.119300 ms MarkObjects: 1.932400 ms  DeleteObjects: 0.116700 ms)

========================================================================
Received Prepare
Registering precompiled user dll's ...
Registered in 0.000955 seconds.
Begin MonoManager ReloadAssembly
Native extension for WindowsStandalone target not found
Refreshing native plugins compatible for Editor in 0.40 ms, found 1 plugins.
Preloading 0 native plugins for Editor in 0.00 ms.
Invoked RoslynAnalysisRunner static constructor.
RoslynAnalysisRunner will not be running.
RoslynAnalysisRunner has terminated.
Mono: successfully reloaded assembly
- Completed reload, in  0.800 seconds
Platform modules already initialized, skipping
Refreshing native plugins compatible for Editor in 0.39 ms, found 1 plugins.
Preloading 0 native plugins for Editor in 0.00 ms.
Unloading 1802 Unused Serialized files (Serialized files now loaded: 0)
System memory in use before: 88.6 MB.
System memory in use after: 88.6 MB.

Unloading 12 unused Assets to reduce memory usage. Loaded Objects now: 2354.
Total: 2.249200 ms (FindLiveObjects: 0.237600 ms CreateObjectMapping: 0.070400 ms MarkObjects: 1.818400 ms  DeleteObjects: 0.121300 ms)

========================================================================
Received Prepare
Registering precompiled user dll's ...
Registered in 0.035579 seconds.
